.=====================================================================.
                                                                       
  .d8888b.   .o8888b.  db  .d8888b.  d8888b. d88888b d8888b.  .d888b.  
 .8P    Y8. d8P    Y8  88 .8P    Y8. 88  `8D 88'     88  `8D .8P , Y8. 
 88      88 8P     .ooo88 88      88 88oooY' 88oooo  88oobY' 88  |  88 
 88      88 8b     `~~~88 88      88 88~~~b. 88~~~~  88`8b   88  |/ 88 
 `8b    d8' Y8b    d8  88 `8b    d8' 88   8D 88.     88 `88. `8b | d8' 
  `Y8888P'   `Y8888P'  YP  `Y8888P'  Y8888P' Y88888P 88   YD  `Y888P'  
                                                                       
`========================== INSTALLATION LOG ========================='

[2019/06/25 02:22:32] Host: Linux 47be8dec59c1 4.9.125-linuxkit #1 SMP Fri Sep 7 08:20:28 UTC 2018 x86_64
[2019/06/25 02:22:32] PHP version: 7.2.19
[2019/06/25 02:22:32] Server software: Apache/2.4.25 (Debian)
[2019/06/25 02:22:32] Operating system: Linux
[2019/06/25 02:22:32] Memory limit: 128M
[2019/06/25 02:22:32] Max execution time: 3600
.============================ POST REQUEST ==========================.
[2019/06/25 02:22:32] Postback payload: Array
(
    [code] => phpVersion
    [handler] => onCheckRequirement
)

[2019/06/25 02:22:32] System check: phpVersion
[2019/06/25 02:22:32] Requirement phpVersion +OK
[2019/06/25 02:22:32] Execute handler (onCheckRequirement): Array
(
    [result] => 1
)

.============================ POST REQUEST ==========================.
[2019/06/25 02:22:33] Postback payload: Array
(
    [code] => curlLibrary
    [handler] => onCheckRequirement
)

[2019/06/25 02:22:33] System check: curlLibrary
[2019/06/25 02:22:33] Requirement curlLibrary +OK
[2019/06/25 02:22:33] Execute handler (onCheckRequirement): Array
(
    [result] => 1
)

.============================ POST REQUEST ==========================.
[2019/06/25 02:22:33] Postback payload: Array
(
    [code] => liveConnection
    [handler] => onCheckRequirement
)

[2019/06/25 02:22:33] System check: liveConnection
[2019/06/25 02:22:34] Server request: ping
[2019/06/25 02:22:34] Request information: Array
(
    [url] => http://gateway.octobercms.com/api/ping
    [content_type] => application/json
    [http_code] => 200
    [header_size] => 477
    [request_size] => 179
    [filetime] => -1
    [ssl_verify_result] => 0
    [redirect_count] => 0
    [total_time] => 0.599137
    [namelookup_time] => 0.12767
    [connect_time] => 0.343254
    [pretransfer_time] => 0.343487
    [size_upload] => 40
    [size_download] => 12
    [speed_download] => 20
    [speed_upload] => 66
    [download_content_length] => -1
    [upload_content_length] => 40
    [starttransfer_time] => 0.598909
    [redirect_time] => 0
    [redirect_url] => 
    [primary_ip] => 54.68.25.146
    [certinfo] => Array
        (
        )

    [primary_port] => 80
    [local_ip] => 172.21.0.5
    [local_port] => 44346
)

[2019/06/25 02:22:34] Requirement liveConnection +OK
[2019/06/25 02:22:34] Execute handler (onCheckRequirement): Array
(
    [result] => 1
)

.============================ POST REQUEST ==========================.
[2019/06/25 02:22:35] Postback payload: Array
(
    [code] => writePermission
    [handler] => onCheckRequirement
)

[2019/06/25 02:22:35] System check: writePermission
[2019/06/25 02:22:35] Requirement writePermission +OK
[2019/06/25 02:22:35] Execute handler (onCheckRequirement): Array
(
    [result] => 1
)

.============================ POST REQUEST ==========================.
[2019/06/25 02:22:35] Postback payload: Array
(
    [code] => pdoLibrary
    [handler] => onCheckRequirement
)

[2019/06/25 02:22:35] System check: pdoLibrary
[2019/06/25 02:22:35] Requirement pdoLibrary +OK
[2019/06/25 02:22:35] Execute handler (onCheckRequirement): Array
(
    [result] => 1
)

.============================ POST REQUEST ==========================.
[2019/06/25 02:22:36] Postback payload: Array
(
    [code] => mbstringLibrary
    [handler] => onCheckRequirement
)

[2019/06/25 02:22:36] System check: mbstringLibrary
[2019/06/25 02:22:36] Requirement mbstringLibrary +OK
[2019/06/25 02:22:36] Execute handler (onCheckRequirement): Array
(
    [result] => 1
)

.============================ POST REQUEST ==========================.
[2019/06/25 02:22:36] Postback payload: Array
(
    [code] => fileinfoLibrary
    [handler] => onCheckRequirement
)

[2019/06/25 02:22:36] System check: fileinfoLibrary
[2019/06/25 02:22:36] Requirement fileinfoLibrary +OK
[2019/06/25 02:22:36] Execute handler (onCheckRequirement): Array
(
    [result] => 1
)

.============================ POST REQUEST ==========================.
[2019/06/25 02:22:37] Postback payload: Array
(
    [code] => sslLibrary
    [handler] => onCheckRequirement
)

[2019/06/25 02:22:37] System check: sslLibrary
[2019/06/25 02:22:37] Requirement sslLibrary +OK
[2019/06/25 02:22:37] Execute handler (onCheckRequirement): Array
(
    [result] => 1
)

.============================ POST REQUEST ==========================.
[2019/06/25 02:22:37] Postback payload: Array
(
    [code] => zipLibrary
    [handler] => onCheckRequirement
)

[2019/06/25 02:22:37] System check: zipLibrary
[2019/06/25 02:22:37] Requirement zipLibrary +OK
[2019/06/25 02:22:37] Execute handler (onCheckRequirement): Array
(
    [result] => 1
)

.============================ POST REQUEST ==========================.
[2019/06/25 02:22:38] Postback payload: Array
(
    [code] => gdLibrary
    [handler] => onCheckRequirement
)

[2019/06/25 02:22:38] System check: gdLibrary
[2019/06/25 02:22:38] Requirement gdLibrary +OK
[2019/06/25 02:22:38] Execute handler (onCheckRequirement): Array
(
    [result] => 1
)

